<?xml version="1.0" encoding="UTF-8"?>
<!-- Generated by org.testng.reporters.JUnitReportReporter -->
<testsuite hostname="DESKTOP-DULSBAU" failures="0" tests="1" name="mvnPractice.GetSystemPropertiesTest" time="12.033" errors="0" timestamp="2024-03-15T13:24:07 IST" skipped="0">
  <testcase classname="mvnPractice.GetSystemPropertiesTest" name="demo" time="12.033"/>
  <system-out/>
</testsuite> <!-- mvnPractice.GetSystemPropertiesTest -->
