<?xml version="1.0" encoding="UTF-8"?>
<!-- Generated by org.testng.reporters.JUnitReportReporter -->
<testsuite hostname="DESKTOP-DULSBAU" failures="0" tests="1" name="testScripts.CreateOrgTest" time="73.683" errors="0" timestamp="2024-03-15T13:59:22 IST" skipped="0">
  <testcase classname="testScripts.CreateOrgTest" name="createNewOrgTest" time="73.683"/>
  <system-out/>
</testsuite> <!-- testScripts.CreateOrgTest -->
